Pig Stack Trace
---------------
ERROR 1200: <line 3, column 0>  Syntax error, unexpected symbol at or near 'record'

Failed to parse: <line 3, column 0>  Syntax error, unexpected symbol at or near 'record'
	at org.apache.pig.parser.QueryParserDriver.parse(QueryParserDriver.java:244)
	at org.apache.pig.parser.QueryParserDriver.parse(QueryParserDriver.java:182)
	at org.apache.pig.PigServer$Graph.validateQuery(PigServer.java:1791)
	at org.apache.pig.PigServer$Graph.registerQuery(PigServer.java:1764)
	at org.apache.pig.PigServer.registerQuery(PigServer.java:707)
	at org.apache.pig.tools.grunt.GruntParser.processPig(GruntParser.java:1075)
	at org.apache.pig.tools.pigscript.parser.PigScriptParser.parse(PigScriptParser.java:505)
	at org.apache.pig.tools.grunt.GruntParser.parseStopOnError(GruntParser.java:231)
	at org.apache.pig.tools.grunt.GruntParser.parseStopOnError(GruntParser.java:206)
	at org.apache.pig.tools.grunt.Grunt.run(Grunt.java:66)
	at org.apache.pig.Main.run(Main.java:564)
	at org.apache.pig.Main.main(Main.java:176)
	at sun.reflect.NativeMethodAccessorImpl.invoke0(Native Method)
	at sun.reflect.NativeMethodAccessorImpl.invoke(NativeMethodAccessorImpl.java:62)
	at sun.reflect.DelegatingMethodAccessorImpl.invoke(DelegatingMethodAccessorImpl.java:43)
	at java.lang.reflect.Method.invoke(Method.java:498)
	at org.apache.hadoop.util.RunJar.run(RunJar.java:221)
	at org.apache.hadoop.util.RunJar.main(RunJar.java:136)
================================================================================
Pig Stack Trace
---------------
ERROR 1066: Unable to open iterator for alias record. Backend error : java.lang.IllegalStateException: Job in state DEFINE instead of RUNNING

org.apache.pig.impl.logicalLayer.FrontendException: ERROR 1066: Unable to open iterator for alias record. Backend error : java.lang.IllegalStateException: Job in state DEFINE instead of RUNNING
	at org.apache.pig.PigServer.openIterator(PigServer.java:1009)
	at org.apache.pig.tools.grunt.GruntParser.processDump(GruntParser.java:747)
	at org.apache.pig.tools.pigscript.parser.PigScriptParser.parse(PigScriptParser.java:376)
	at org.apache.pig.tools.grunt.GruntParser.parseStopOnError(GruntParser.java:231)
	at org.apache.pig.tools.grunt.GruntParser.parseStopOnError(GruntParser.java:206)
	at org.apache.pig.tools.grunt.Grunt.run(Grunt.java:66)
	at org.apache.pig.Main.run(Main.java:564)
	at org.apache.pig.Main.main(Main.java:176)
	at sun.reflect.NativeMethodAccessorImpl.invoke0(Native Method)
	at sun.reflect.NativeMethodAccessorImpl.invoke(NativeMethodAccessorImpl.java:62)
	at sun.reflect.DelegatingMethodAccessorImpl.invoke(DelegatingMethodAccessorImpl.java:43)
	at java.lang.reflect.Method.invoke(Method.java:498)
	at org.apache.hadoop.util.RunJar.run(RunJar.java:221)
	at org.apache.hadoop.util.RunJar.main(RunJar.java:136)
Caused by: org.apache.pig.backend.executionengine.ExecException: ERROR 0: java.lang.IllegalStateException: Job in state DEFINE instead of RUNNING
	at org.apache.pig.backend.hadoop.executionengine.mapReduceLayer.MapReduceLauncher.getStats(MapReduceLauncher.java:822)
	at org.apache.pig.backend.hadoop.executionengine.mapReduceLayer.MapReduceLauncher.launchPig(MapReduceLauncher.java:452)
	at org.apache.pig.backend.hadoop.executionengine.HExecutionEngine.launchPig(HExecutionEngine.java:308)
	at org.apache.pig.PigServer.launchPlan(PigServer.java:1474)
	at org.apache.pig.PigServer.executeCompiledLogicalPlan(PigServer.java:1459)
	at org.apache.pig.PigServer.storeEx(PigServer.java:1118)
	at org.apache.pig.PigServer.store(PigServer.java:1081)
	at org.apache.pig.PigServer.openIterator(PigServer.java:994)
	... 13 more
Caused by: java.lang.IllegalStateException: Job in state DEFINE instead of RUNNING
	at org.apache.hadoop.mapreduce.Job.ensureState(Job.java:292)
	at org.apache.hadoop.mapreduce.Job.getTaskReports(Job.java:534)
	at org.apache.pig.backend.hadoop.executionengine.shims.HadoopShims.getTaskReports(HadoopShims.java:235)
	at org.apache.pig.backend.hadoop.executionengine.mapReduceLayer.MapReduceLauncher.getStats(MapReduceLauncher.java:801)
	... 20 more
================================================================================
Pig Stack Trace
---------------
ERROR 1200: <file , line 7> Macro inline failed for macro 'max_by_group'. Reason: Undefined parameter : A
 Macro content: 
	A = GROUP $X BY $group_key ;
	$Y = FOREACH $A GENERATE group , MAX($X.$max_field); 

Failed to parse: <file , line 7> Macro inline failed for macro 'max_by_group'. Reason: Undefined parameter : A
 Macro content: 
	A = GROUP $X BY $group_key ;
	$Y = FOREACH $A GENERATE group , MAX($X.$max_field); 

	at org.apache.pig.parser.PigMacro.substituteParams(PigMacro.java:183)
	at org.apache.pig.parser.PigMacro.inline(PigMacro.java:96)
	at org.apache.pig.parser.PigMacro.macroInline(PigMacro.java:485)
	at org.apache.pig.parser.QueryParserDriver.inlineMacro(QueryParserDriver.java:301)
	at org.apache.pig.parser.QueryParserDriver.expandMacro(QueryParserDriver.java:290)
	at org.apache.pig.parser.QueryParserDriver.parse(QueryParserDriver.java:183)
	at org.apache.pig.PigServer$Graph.validateQuery(PigServer.java:1791)
	at org.apache.pig.PigServer$Graph.registerQuery(PigServer.java:1764)
	at org.apache.pig.PigServer.registerQuery(PigServer.java:707)
	at org.apache.pig.tools.grunt.GruntParser.processPig(GruntParser.java:1075)
	at org.apache.pig.tools.pigscript.parser.PigScriptParser.parse(PigScriptParser.java:505)
	at org.apache.pig.tools.grunt.GruntParser.parseStopOnError(GruntParser.java:231)
	at org.apache.pig.tools.grunt.GruntParser.parseStopOnError(GruntParser.java:206)
	at org.apache.pig.tools.grunt.Grunt.run(Grunt.java:66)
	at org.apache.pig.Main.run(Main.java:564)
	at org.apache.pig.Main.main(Main.java:176)
	at sun.reflect.NativeMethodAccessorImpl.invoke0(Native Method)
	at sun.reflect.NativeMethodAccessorImpl.invoke(NativeMethodAccessorImpl.java:62)
	at sun.reflect.DelegatingMethodAccessorImpl.invoke(DelegatingMethodAccessorImpl.java:43)
	at java.lang.reflect.Method.invoke(Method.java:498)
	at org.apache.hadoop.util.RunJar.run(RunJar.java:221)
	at org.apache.hadoop.util.RunJar.main(RunJar.java:136)
================================================================================
Pig Stack Trace
---------------
ERROR 1200: <file , line 10> Macro inline failed for macro 'max_by_group'. Reason: Undefined parameter : A
 Macro content: 
	A = GROUP $X BY $group_key ;
	$Y = FOREACH $A GENERATE group , MAX($X.$max_field); 

Failed to parse: <file , line 10> Macro inline failed for macro 'max_by_group'. Reason: Undefined parameter : A
 Macro content: 
	A = GROUP $X BY $group_key ;
	$Y = FOREACH $A GENERATE group , MAX($X.$max_field); 

	at org.apache.pig.parser.PigMacro.substituteParams(PigMacro.java:183)
	at org.apache.pig.parser.PigMacro.inline(PigMacro.java:96)
	at org.apache.pig.parser.PigMacro.macroInline(PigMacro.java:485)
	at org.apache.pig.parser.QueryParserDriver.inlineMacro(QueryParserDriver.java:301)
	at org.apache.pig.parser.QueryParserDriver.expandMacro(QueryParserDriver.java:290)
	at org.apache.pig.parser.QueryParserDriver.parse(QueryParserDriver.java:183)
	at org.apache.pig.PigServer$Graph.validateQuery(PigServer.java:1791)
	at org.apache.pig.PigServer$Graph.registerQuery(PigServer.java:1764)
	at org.apache.pig.PigServer.registerQuery(PigServer.java:707)
	at org.apache.pig.tools.grunt.GruntParser.processPig(GruntParser.java:1075)
	at org.apache.pig.tools.pigscript.parser.PigScriptParser.parse(PigScriptParser.java:505)
	at org.apache.pig.tools.grunt.GruntParser.parseStopOnError(GruntParser.java:231)
	at org.apache.pig.tools.grunt.GruntParser.parseStopOnError(GruntParser.java:206)
	at org.apache.pig.tools.grunt.Grunt.run(Grunt.java:66)
	at org.apache.pig.Main.run(Main.java:564)
	at org.apache.pig.Main.main(Main.java:176)
	at sun.reflect.NativeMethodAccessorImpl.invoke0(Native Method)
	at sun.reflect.NativeMethodAccessorImpl.invoke(NativeMethodAccessorImpl.java:62)
	at sun.reflect.DelegatingMethodAccessorImpl.invoke(DelegatingMethodAccessorImpl.java:43)
	at java.lang.reflect.Method.invoke(Method.java:498)
	at org.apache.hadoop.util.RunJar.run(RunJar.java:221)
	at org.apache.hadoop.util.RunJar.main(RunJar.java:136)
================================================================================
Pig Stack Trace
---------------
ERROR 1200: <file , line 13> Macro inline failed for macro 'max_by_group'. Reason: Undefined parameter : A
 Macro content: 
	A = GROUP $X BY $group_key ;
	$Y = FOREACH $A GENERATE group , MAX($X.$max_field); 

Failed to parse: <file , line 13> Macro inline failed for macro 'max_by_group'. Reason: Undefined parameter : A
 Macro content: 
	A = GROUP $X BY $group_key ;
	$Y = FOREACH $A GENERATE group , MAX($X.$max_field); 

	at org.apache.pig.parser.PigMacro.substituteParams(PigMacro.java:183)
	at org.apache.pig.parser.PigMacro.inline(PigMacro.java:96)
	at org.apache.pig.parser.PigMacro.macroInline(PigMacro.java:485)
	at org.apache.pig.parser.QueryParserDriver.inlineMacro(QueryParserDriver.java:301)
	at org.apache.pig.parser.QueryParserDriver.expandMacro(QueryParserDriver.java:290)
	at org.apache.pig.parser.QueryParserDriver.parse(QueryParserDriver.java:183)
	at org.apache.pig.PigServer$Graph.validateQuery(PigServer.java:1791)
	at org.apache.pig.PigServer$Graph.registerQuery(PigServer.java:1764)
	at org.apache.pig.PigServer.registerQuery(PigServer.java:707)
	at org.apache.pig.tools.grunt.GruntParser.processPig(GruntParser.java:1075)
	at org.apache.pig.tools.pigscript.parser.PigScriptParser.parse(PigScriptParser.java:505)
	at org.apache.pig.tools.grunt.GruntParser.parseStopOnError(GruntParser.java:231)
	at org.apache.pig.tools.grunt.GruntParser.parseStopOnError(GruntParser.java:206)
	at org.apache.pig.tools.grunt.Grunt.run(Grunt.java:66)
	at org.apache.pig.Main.run(Main.java:564)
	at org.apache.pig.Main.main(Main.java:176)
	at sun.reflect.NativeMethodAccessorImpl.invoke0(Native Method)
	at sun.reflect.NativeMethodAccessorImpl.invoke(NativeMethodAccessorImpl.java:62)
	at sun.reflect.DelegatingMethodAccessorImpl.invoke(DelegatingMethodAccessorImpl.java:43)
	at java.lang.reflect.Method.invoke(Method.java:498)
	at org.apache.hadoop.util.RunJar.run(RunJar.java:221)
	at org.apache.hadoop.util.RunJar.main(RunJar.java:136)
================================================================================
